<?xml version="1.0" encoding="UTF-8"?>
<testng-results skipped="0" failed="0" ignored="0" total="1" passed="1">
  <reporter-output>
  </reporter-output>
  <suite name="Default suite" duration-ms="28109" started-at="2019-11-05T16:09:38 IST" finished-at="2019-11-05T16:10:06 IST">
    <groups>
    </groups>
    <test name="Default test" duration-ms="28109" started-at="2019-11-05T16:09:38 IST" finished-at="2019-11-05T16:10:06 IST">
      <class name="TestScripts.test_26">
        <test-method status="PASS" signature="open_Appln()[pri:0, instance:TestScripts.test_26@24a35978]" name="open_Appln" is-config="true" duration-ms="12664" started-at="2019-11-05T16:09:38 IST" finished-at="2019-11-05T16:09:50 IST">
          <reporter-output>
          </reporter-output>
        </test-method> <!-- open_Appln -->
        <test-method status="PASS" signature="scroll()[pri:0, instance:TestScripts.test_26@24a35978]" name="scroll" duration-ms="15386" started-at="2019-11-05T16:09:50 IST" finished-at="2019-11-05T16:10:06 IST">
          <reporter-output>
          </reporter-output>
        </test-method> <!-- scroll -->
      </class> <!-- TestScripts.test_26 -->
    </test> <!-- Default test -->
  </suite> <!-- Default suite -->
</testng-results>
